[2021-05-25 11:50:17 INFO]: install::setup-logging ended
================
[2021-05-25 11:50:17 INFO]: install::start-up started
[2021-05-25 11:50:17 INFO]: install::start-up starting services
[2021-05-25 11:50:17 INFO]: install::decompress started
[2021-05-25 11:50:17 INFO]: install::decompress data_dump.tar.gz already decompressed
[2021-05-25 11:50:17 INFO]: install::decompress ended
================
[2021-05-25 11:50:17 INFO]: install::decompress started
[2021-05-25 11:50:17 INFO]: install::decompress log.tar.gz already decompressed
[2021-05-25 11:50:17 INFO]: install::decompress ended
================
[2021-05-25 11:50:17 INFO]: install::decompress ended
================
[2021-05-25 11:50:56 INFO]: install::root-check started
[2021-05-25 11:50:56 INFO]: install::root-check ended
================
[2021-05-25 11:50:56 INFO]: install::docker-check started
[2021-05-25 11:50:56 INFO]: install::docker-check ended
================
[2021-05-25 11:50:56 INFO]: install::docker-compose-check started
[2021-05-25 11:50:56 INFO]: install::docker-compose-check ended
================
[2021-05-25 11:50:56 INFO]: install::tear-down started
[2021-05-25 11:50:56 INFO]: install::compress started
[2021-05-25 11:50:56 INFO]: install::compress changing directory to mq-srv
[2021-05-25 11:50:56 INFO]: install::compress compressing mq-srv/data_dump 
[2021-05-25 11:50:56 INFO]: install::compress removing data_dump 
[2021-05-25 11:50:56 INFO]: install::compress changing directory back
[2021-05-25 11:50:56 INFO]: install::compress ended
================
[2021-05-25 11:50:56 INFO]: install::compress started
[2021-05-25 11:50:56 INFO]: install::compress changing directory to mq-srv
[2021-05-25 11:50:56 INFO]: install::compress compressing mq-srv/log 
[2021-05-25 11:50:56 INFO]: install::compress removing log 
[2021-05-25 11:50:56 INFO]: install::compress changing directory back
[2021-05-25 11:50:56 INFO]: install::compress ended
================
[2021-05-25 11:50:56 INFO]: install::compress starting services
[2021-05-25 11:50:56 INFO]: install::compress ended
================
